<?xml version="1.0" encoding="UTF-8"?>
<!-- Generated by org.testng.reporters.JUnitXMLReporter -->
<testsuite ignored="0" hostname="LAPTOP-V59JQD1H" failures="0" tests="3" name="Login Page Test_chrome127" time="20.907" errors="0" timestamp="2024-08-27T02:17:34 IST">
  <testcase classname="swaglabs.testCases.LoginPageTest" name="loginPageTitleTest" time="0.348"/>
  <testcase classname="swaglabs.testCases.LoginPageTest" name="loginPageHeaderTest" time="2.571"/>
  <testcase classname="swaglabs.testCases.LoginPageTest" name="loginTest" time="7.115"/>
</testsuite> <!-- Login Page Test_chrome127 -->
