<?xml version="1.0" encoding="UTF-8"?>
<testng-results ignored="0" total="3" passed="3" failed="0" skipped="0">
  <reporter-output>
  </reporter-output>
  <suite started-at="2024-08-27T02:17:13 IST" name="Test Regression Suite for Swag Labs" finished-at="2024-08-27T02:17:34 IST" duration-ms="20907">
    <groups>
    </groups>
    <test started-at="2024-08-27T02:17:13 IST" name="Login Page Test_chrome127" finished-at="2024-08-27T02:17:34 IST" duration-ms="20907">
      <class name="swaglabs.testCases.LoginPageTest">
        <test-method is-config="true" signature="setup(java.lang.String,java.lang.String)[pri:0, instance:swaglabs.testCases.LoginPageTest@5a515e5d]" started-at="2024-08-27T02:17:14 IST" name="setup" finished-at="2024-08-27T02:17:22 IST" duration-ms="8446" status="PASS">
          <params>
            <param index="0">
              <value>
                <![CDATA[chrome]]>
              </value>
            </param>
            <param index="1">
              <value>
                <![CDATA[127]]>
              </value>
            </param>
          </params>
          <reporter-output>
          </reporter-output>
        </test-method> <!-- setup -->
        <test-method signature="loginPageTitleTest()[pri:1, instance:swaglabs.testCases.LoginPageTest@5a515e5d]" started-at="2024-08-27T02:17:22 IST" name="loginPageTitleTest" finished-at="2024-08-27T02:17:22 IST" duration-ms="348" status="PASS">
          <reporter-output>
          </reporter-output>
        </test-method> <!-- loginPageTitleTest -->
        <test-method signature="loginPageHeaderTest()[pri:2, instance:swaglabs.testCases.LoginPageTest@5a515e5d]" started-at="2024-08-27T02:17:23 IST" name="loginPageHeaderTest" finished-at="2024-08-27T02:17:25 IST" duration-ms="2571" status="PASS">
          <reporter-output>
          </reporter-output>
        </test-method> <!-- loginPageHeaderTest -->
        <test-method signature="loginTest()[pri:3, instance:swaglabs.testCases.LoginPageTest@5a515e5d]" started-at="2024-08-27T02:17:25 IST" name="loginTest" finished-at="2024-08-27T02:17:33 IST" duration-ms="7115" status="PASS">
          <reporter-output>
          </reporter-output>
        </test-method> <!-- loginTest -->
        <test-method is-config="true" signature="tearDown()[pri:0, instance:swaglabs.testCases.LoginPageTest@5a515e5d]" started-at="2024-08-27T02:17:33 IST" name="tearDown" finished-at="2024-08-27T02:17:34 IST" duration-ms="1779" status="PASS">
          <reporter-output>
          </reporter-output>
        </test-method> <!-- tearDown -->
      </class> <!-- swaglabs.testCases.LoginPageTest -->
    </test> <!-- Login Page Test_chrome127 -->
  </suite> <!-- Test Regression Suite for Swag Labs -->
</testng-results>
